[0718/000857.935:ERROR:process_reader_win.cc(123)] NtOpenThread: {Zugriff verweigert} Ein Prozess hat einen Zugriff auf ein Objekt angefordert, aber ihm wurden nicht die Rechte für den Zugriff erteilt. (0xc0000022)
[0718/000857.976:ERROR:exception_snapshot_win.cc(98)] thread ID 3152 not found in process
[0718/000858.045:ERROR:process_reader_win.cc(123)] NtOpenThread: {Zugriff verweigert} Ein Prozess hat einen Zugriff auf ein Objekt angefordert, aber ihm wurden nicht die Rechte für den Zugriff erteilt. (0xc0000022)
[0718/000858.045:ERROR:exception_snapshot_win.cc(98)] thread ID 6864 not found in process
[0718/000858.059:ERROR:process_reader_win.cc(123)] NtOpenThread: {Zugriff verweigert} Ein Prozess hat einen Zugriff auf ein Objekt angefordert, aber ihm wurden nicht die Rechte für den Zugriff erteilt. (0xc0000022)
[0718/000858.060:ERROR:exception_snapshot_win.cc(98)] thread ID 9564 not found in process
[0718/000858.080:ERROR:process_reader_win.cc(123)] NtOpenThread: {Zugriff verweigert} Ein Prozess hat einen Zugriff auf ein Objekt angefordert, aber ihm wurden nicht die Rechte für den Zugriff erteilt. (0xc0000022)
[0718/000858.080:ERROR:exception_snapshot_win.cc(98)] thread ID 3812 not found in process
[0718/000858.104:ERROR:process_reader_win.cc(123)] NtOpenThread: {Zugriff verweigert} Ein Prozess hat einen Zugriff auf ein Objekt angefordert, aber ihm wurden nicht die Rechte für den Zugriff erteilt. (0xc0000022)
[0718/000858.104:ERROR:exception_snapshot_win.cc(98)] thread ID 6468 not found in process
[0718/000858.117:ERROR:process_reader_win.cc(151)] SuspendThread: Zugriff verweigert (0x5)
[0718/000858.117:ERROR:process_reader_win.cc(123)] NtOpenThread: {Zugriff verweigert} Ein Prozess hat einen Zugriff auf ein Objekt angefordert, aber ihm wurden nicht die Rechte für den Zugriff erteilt. (0xc0000022)
[0718/000858.117:ERROR:exception_snapshot_win.cc(98)] thread ID 9304 not found in process
[0718/000858.137:ERROR:process_reader_win.cc(123)] NtOpenThread: {Zugriff verweigert} Ein Prozess hat einen Zugriff auf ein Objekt angefordert, aber ihm wurden nicht die Rechte für den Zugriff erteilt. (0xc0000022)
[0718/000858.137:ERROR:exception_snapshot_win.cc(98)] thread ID 8936 not found in process
[0718/000858.180:ERROR:process_reader_win.cc(151)] SuspendThread: Zugriff verweigert (0x5)
[0718/000858.180:ERROR:process_reader_win.cc(123)] NtOpenThread: {Zugriff verweigert} Ein Prozess hat einen Zugriff auf ein Objekt angefordert, aber ihm wurden nicht die Rechte für den Zugriff erteilt. (0xc0000022)
[0718/000858.180:ERROR:exception_snapshot_win.cc(98)] thread ID 7680 not found in process
[0718/000858.231:ERROR:process_reader_win.cc(123)] NtOpenThread: {Zugriff verweigert} Ein Prozess hat einen Zugriff auf ein Objekt angefordert, aber ihm wurden nicht die Rechte für den Zugriff erteilt. (0xc0000022)
[0718/000858.231:ERROR:exception_snapshot_win.cc(98)] thread ID 4604 not found in process
[0718/000858.275:ERROR:process_reader_win.cc(151)] SuspendThread: Zugriff verweigert (0x5)
[0718/000858.275:ERROR:process_reader_win.cc(123)] NtOpenThread: {Zugriff verweigert} Ein Prozess hat einen Zugriff auf ein Objekt angefordert, aber ihm wurden nicht die Rechte für den Zugriff erteilt. (0xc0000022)
[0718/000858.275:ERROR:exception_snapshot_win.cc(98)] thread ID 9120 not found in process
[0718/000858.279:ERROR:process_reader_win.cc(123)] NtOpenThread: {Zugriff verweigert} Ein Prozess hat einen Zugriff auf ein Objekt angefordert, aber ihm wurden nicht die Rechte für den Zugriff erteilt. (0xc0000022)
[0718/000858.279:ERROR:exception_snapshot_win.cc(98)] thread ID 9812 not found in process
[0718/000858.312:ERROR:process_reader_win.cc(151)] SuspendThread: Zugriff verweigert (0x5)
[0718/000858.312:ERROR:process_reader_win.cc(151)] SuspendThread: Zugriff verweigert (0x5)
[0718/000858.312:ERROR:process_reader_win.cc(123)] NtOpenThread: {Zugriff verweigert} Ein Prozess hat einen Zugriff auf ein Objekt angefordert, aber ihm wurden nicht die Rechte für den Zugriff erteilt. (0xc0000022)
[0718/000858.312:ERROR:exception_snapshot_win.cc(98)] thread ID 4456 not found in process
[0718/000858.348:ERROR:process_reader_win.cc(123)] NtOpenThread: {Zugriff verweigert} Ein Prozess hat einen Zugriff auf ein Objekt angefordert, aber ihm wurden nicht die Rechte für den Zugriff erteilt. (0xc0000022)
[0718/000858.348:ERROR:exception_snapshot_win.cc(98)] thread ID 8172 not found in process
[0718/000858.376:ERROR:process_reader_win.cc(123)] NtOpenThread: {Zugriff verweigert} Ein Prozess hat einen Zugriff auf ein Objekt angefordert, aber ihm wurden nicht die Rechte für den Zugriff erteilt. (0xc0000022)
[0718/000858.376:ERROR:exception_snapshot_win.cc(98)] thread ID 8964 not found in process
[0718/000858.387:ERROR:process_reader_win.cc(151)] SuspendThread: Zugriff verweigert (0x5)
[0718/000858.387:ERROR:process_reader_win.cc(151)] SuspendThread: Zugriff verweigert (0x5)
[0718/000858.387:ERROR:process_reader_win.cc(151)] SuspendThread: Zugriff verweigert (0x5)
[0718/000858.387:ERROR:process_reader_win.cc(151)] SuspendThread: Zugriff verweigert (0x5)
[0718/000858.387:ERROR:process_reader_win.cc(123)] NtOpenThread: {Zugriff verweigert} Ein Prozess hat einen Zugriff auf ein Objekt angefordert, aber ihm wurden nicht die Rechte für den Zugriff erteilt. (0xc0000022)
[0718/000858.387:ERROR:exception_snapshot_win.cc(98)] thread ID 1260 not found in process
[0718/000858.424:ERROR:process_reader_win.cc(151)] SuspendThread: Zugriff verweigert (0x5)
[0718/000858.424:ERROR:process_reader_win.cc(151)] SuspendThread: Zugriff verweigert (0x5)
[0718/000858.424:ERROR:process_reader_win.cc(151)] SuspendThread: Zugriff verweigert (0x5)
[0718/000858.424:ERROR:process_reader_win.cc(123)] NtOpenThread: {Zugriff verweigert} Ein Prozess hat einen Zugriff auf ein Objekt angefordert, aber ihm wurden nicht die Rechte für den Zugriff erteilt. (0xc0000022)
[0718/000858.425:ERROR:exception_snapshot_win.cc(98)] thread ID 8468 not found in process
[0718/000858.431:ERROR:process_reader_win.cc(151)] SuspendThread: Zugriff verweigert (0x5)
[0718/000858.431:ERROR:process_reader_win.cc(123)] NtOpenThread: {Zugriff verweigert} Ein Prozess hat einen Zugriff auf ein Objekt angefordert, aber ihm wurden nicht die Rechte für den Zugriff erteilt. (0xc0000022)
[0718/000858.431:ERROR:exception_snapshot_win.cc(98)] thread ID 6692 not found in process
[0718/000858.456:ERROR:process_reader_win.cc(151)] SuspendThread: Zugriff verweigert (0x5)
[0718/000858.456:ERROR:process_reader_win.cc(123)] NtOpenThread: {Zugriff verweigert} Ein Prozess hat einen Zugriff auf ein Objekt angefordert, aber ihm wurden nicht die Rechte für den Zugriff erteilt. (0xc0000022)
[0718/000858.456:ERROR:exception_snapshot_win.cc(98)] thread ID 5284 not found in process
[0718/000858.460:ERROR:process_reader_win.cc(123)] NtOpenThread: {Zugriff verweigert} Ein Prozess hat einen Zugriff auf ein Objekt angefordert, aber ihm wurden nicht die Rechte für den Zugriff erteilt. (0xc0000022)
[0718/000858.460:ERROR:exception_snapshot_win.cc(98)] thread ID 4380 not found in process
[0718/000858.471:ERROR:process_reader_win.cc(151)] SuspendThread: Zugriff verweigert (0x5)
[0718/000858.472:ERROR:process_reader_win.cc(151)] SuspendThread: Zugriff verweigert (0x5)
[0718/000858.472:ERROR:process_reader_win.cc(123)] NtOpenThread: {Zugriff verweigert} Ein Prozess hat einen Zugriff auf ein Objekt angefordert, aber ihm wurden nicht die Rechte für den Zugriff erteilt. (0xc0000022)
[0718/000858.472:ERROR:exception_snapshot_win.cc(98)] thread ID 1916 not found in process
[0718/000858.560:ERROR:process_info.cc(329)] VirtualQueryEx: Zugriff verweigert (0x5)
[0718/000858.560:ERROR:process_info.cc(556)] ReadMemoryInfo failed
[0718/000858.560:ERROR:process_memory_win.cc(39)] Failed to initialize ProcessInfo.
[0718/000858.560:ERROR:scoped_process_suspend.cc(40)] NtResumeProcess: Es wurde versucht, auf einen Prozess zuzugreifen, der gerade beendet wurde. (0xc000010a)
[0718/000858.563:ERROR:process_reader_win.cc(123)] NtOpenThread: {Zugriff verweigert} Ein Prozess hat einen Zugriff auf ein Objekt angefordert, aber ihm wurden nicht die Rechte für den Zugriff erteilt. (0xc0000022)
[0718/000858.563:ERROR:exception_snapshot_win.cc(98)] thread ID 8268 not found in process
[0718/001306.249:ERROR:process_reader_win.cc(123)] NtOpenThread: {Zugriff verweigert} Ein Prozess hat einen Zugriff auf ein Objekt angefordert, aber ihm wurden nicht die Rechte für den Zugriff erteilt. (0xc0000022)
[0718/001306.249:ERROR:exception_snapshot_win.cc(98)] thread ID 1844 not found in process
[0718/001306.352:ERROR:process_reader_win.cc(123)] NtOpenThread: {Zugriff verweigert} Ein Prozess hat einen Zugriff auf ein Objekt angefordert, aber ihm wurden nicht die Rechte für den Zugriff erteilt. (0xc0000022)
[0718/001306.352:ERROR:exception_snapshot_win.cc(98)] thread ID 9232 not found in process
[0718/001306.478:ERROR:process_reader_win.cc(123)] NtOpenThread: {Zugriff verweigert} Ein Prozess hat einen Zugriff auf ein Objekt angefordert, aber ihm wurden nicht die Rechte für den Zugriff erteilt. (0xc0000022)
[0718/001306.478:ERROR:exception_snapshot_win.cc(98)] thread ID 8524 not found in process
[0718/001306.591:ERROR:process_reader_win.cc(123)] NtOpenThread: {Zugriff verweigert} Ein Prozess hat einen Zugriff auf ein Objekt angefordert, aber ihm wurden nicht die Rechte für den Zugriff erteilt. (0xc0000022)
[0718/001306.591:ERROR:exception_snapshot_win.cc(98)] thread ID 9876 not found in process
[0718/001306.780:ERROR:process_reader_win.cc(123)] NtOpenThread: {Zugriff verweigert} Ein Prozess hat einen Zugriff auf ein Objekt angefordert, aber ihm wurden nicht die Rechte für den Zugriff erteilt. (0xc0000022)
[0718/001306.781:ERROR:exception_snapshot_win.cc(98)] thread ID 5884 not found in process
[0718/001306.876:ERROR:process_reader_win.cc(123)] NtOpenThread: {Zugriff verweigert} Ein Prozess hat einen Zugriff auf ein Objekt angefordert, aber ihm wurden nicht die Rechte für den Zugriff erteilt. (0xc0000022)
[0718/001306.876:ERROR:exception_snapshot_win.cc(98)] thread ID 6856 not found in process
[0718/001307.047:ERROR:process_reader_win.cc(123)] NtOpenThread: {Zugriff verweigert} Ein Prozess hat einen Zugriff auf ein Objekt angefordert, aber ihm wurden nicht die Rechte für den Zugriff erteilt. (0xc0000022)
[0718/001307.047:ERROR:exception_snapshot_win.cc(98)] thread ID 6768 not found in process
[0718/001307.212:ERROR:process_reader_win.cc(123)] NtOpenThread: {Zugriff verweigert} Ein Prozess hat einen Zugriff auf ein Objekt angefordert, aber ihm wurden nicht die Rechte für den Zugriff erteilt. (0xc0000022)
[0718/001307.212:ERROR:exception_snapshot_win.cc(98)] thread ID 6236 not found in process
[0718/001307.300:ERROR:process_reader_win.cc(123)] NtOpenThread: {Zugriff verweigert} Ein Prozess hat einen Zugriff auf ein Objekt angefordert, aber ihm wurden nicht die Rechte für den Zugriff erteilt. (0xc0000022)
[0718/001307.300:ERROR:exception_snapshot_win.cc(98)] thread ID 9128 not found in process
[0718/001307.385:ERROR:process_reader_win.cc(123)] NtOpenThread: {Zugriff verweigert} Ein Prozess hat einen Zugriff auf ein Objekt angefordert, aber ihm wurden nicht die Rechte für den Zugriff erteilt. (0xc0000022)
[0718/001307.385:ERROR:exception_snapshot_win.cc(98)] thread ID 6728 not found in process
[0718/001307.552:ERROR:process_reader_win.cc(123)] NtOpenThread: {Zugriff verweigert} Ein Prozess hat einen Zugriff auf ein Objekt angefordert, aber ihm wurden nicht die Rechte für den Zugriff erteilt. (0xc0000022)
[0718/001307.553:ERROR:exception_snapshot_win.cc(98)] thread ID 8500 not found in process
